{"/home/sibora/Desktop/polymath apprentice program/Project3_LS/web/lambda/index.js": {"path":"/home/sibora/Desktop/polymath apprentice program/Project3_LS/web/lambda/index.js","statementMap":{"0":{"start":{"line":7,"column":15},"end":{"line":7,"column":53}},"1":{"start":{"line":8,"column":22},"end":{"line":8,"column":58}},"2":{"start":{"line":9,"column":18},"end":{"line":9,"column":43}},"3":{"start":{"line":12,"column":20},"end":{"line":12,"column":24}},"4":{"start":{"line":16,"column":2},"end":{"line":18,"column":3}},"5":{"start":{"line":17,"column":4},"end":{"line":17,"column":25}},"6":{"start":{"line":20,"column":2},"end":{"line":57,"column":3}},"7":{"start":{"line":21,"column":22},"end":{"line":21,"column":47}},"8":{"start":{"line":23,"column":4},"end":{"line":51,"column":5}},"9":{"start":{"line":25,"column":6},"end":{"line":25,"column":79}},"10":{"start":{"line":26,"column":25},"end":{"line":26,"column":101}},"11":{"start":{"line":27,"column":21},"end":{"line":27,"column":64}},"12":{"start":{"line":28,"column":6},"end":{"line":28,"column":67}},"13":{"start":{"line":30,"column":6},"end":{"line":35,"column":8}},"14":{"start":{"line":38,"column":61},"end":{"line":43,"column":8}},"15":{"start":{"line":45,"column":6},"end":{"line":50,"column":8}},"16":{"start":{"line":53,"column":4},"end":{"line":53,"column":25}},"17":{"start":{"line":55,"column":4},"end":{"line":55,"column":69}},"18":{"start":{"line":56,"column":4},"end":{"line":56,"column":52}},"19":{"start":{"line":60,"column":23},"end":{"line":252,"column":1}},"20":{"start":{"line":61,"column":2},"end":{"line":61,"column":70}},"21":{"start":{"line":64,"column":22},"end":{"line":70,"column":3}},"22":{"start":{"line":72,"column":2},"end":{"line":251,"column":3}},"23":{"start":{"line":74,"column":4},"end":{"line":81,"column":5}},"24":{"start":{"line":75,"column":6},"end":{"line":75,"column":46}},"25":{"start":{"line":76,"column":6},"end":{"line":80,"column":8}},"26":{"start":{"line":84,"column":4},"end":{"line":93,"column":5}},"27":{"start":{"line":85,"column":6},"end":{"line":92,"column":8}},"28":{"start":{"line":97,"column":4},"end":{"line":108,"column":5}},"29":{"start":{"line":98,"column":6},"end":{"line":98,"column":44}},"30":{"start":{"line":100,"column":6},"end":{"line":107,"column":8}},"31":{"start":{"line":111,"column":27},"end":{"line":111,"column":106}},"32":{"start":{"line":112,"column":26},"end":{"line":112,"column":99}},"33":{"start":{"line":112,"column":57},"end":{"line":112,"column":98}},"34":{"start":{"line":114,"column":4},"end":{"line":123,"column":5}},"35":{"start":{"line":115,"column":6},"end":{"line":122,"column":8}},"36":{"start":{"line":126,"column":23},"end":{"line":126,"column":51}},"37":{"start":{"line":127,"column":4},"end":{"line":136,"column":5}},"38":{"start":{"line":128,"column":6},"end":{"line":135,"column":8}},"39":{"start":{"line":139,"column":4},"end":{"line":139,"column":51}},"40":{"start":{"line":140,"column":24},"end":{"line":140,"column":48}},"41":{"start":{"line":141,"column":4},"end":{"line":141,"column":63}},"42":{"start":{"line":144,"column":4},"end":{"line":144,"column":76}},"43":{"start":{"line":145,"column":19},"end":{"line":155,"column":6}},"44":{"start":{"line":158,"column":31},"end":{"line":165,"column":5}},"45":{"start":{"line":159,"column":6},"end":{"line":164,"column":9}},"46":{"start":{"line":162,"column":10},"end":{"line":162,"column":91}},"47":{"start":{"line":162,"column":27},"end":{"line":162,"column":83}},"48":{"start":{"line":167,"column":4},"end":{"line":167,"column":31}},"49":{"start":{"line":168,"column":4},"end":{"line":168,"column":64}},"50":{"start":{"line":171,"column":4},"end":{"line":171,"column":51}},"51":{"start":{"line":172,"column":4},"end":{"line":185,"column":7}},"52":{"start":{"line":186,"column":4},"end":{"line":186,"column":31}},"53":{"start":{"line":189,"column":4},"end":{"line":189,"column":45}},"54":{"start":{"line":190,"column":18},"end":{"line":195,"column":5}},"55":{"start":{"line":197,"column":19},"end":{"line":206,"column":5}},"56":{"start":{"line":208,"column":19},"end":{"line":208,"column":52}},"57":{"start":{"line":209,"column":4},"end":{"line":209,"column":79}},"58":{"start":{"line":210,"column":4},"end":{"line":210,"column":23}},"59":{"start":{"line":211,"column":4},"end":{"line":211,"column":46}},"60":{"start":{"line":213,"column":4},"end":{"line":222,"column":6}},"61":{"start":{"line":225,"column":4},"end":{"line":225,"column":40}},"62":{"start":{"line":228,"column":23},"end":{"line":228,"column":46}},"63":{"start":{"line":229,"column":21},"end":{"line":229,"column":24}},"64":{"start":{"line":231,"column":4},"end":{"line":240,"column":5}},"65":{"start":{"line":232,"column":6},"end":{"line":232,"column":50}},"66":{"start":{"line":233,"column":6},"end":{"line":233,"column":23}},"67":{"start":{"line":234,"column":11},"end":{"line":240,"column":5}},"68":{"start":{"line":235,"column":6},"end":{"line":235,"column":48}},"69":{"start":{"line":236,"column":6},"end":{"line":236,"column":23}},"70":{"start":{"line":237,"column":11},"end":{"line":240,"column":5}},"71":{"start":{"line":238,"column":6},"end":{"line":238,"column":46}},"72":{"start":{"line":239,"column":6},"end":{"line":239,"column":23}},"73":{"start":{"line":242,"column":4},"end":{"line":250,"column":6}}},"fnMap":{"0":{"name":"getDbCredentials","decl":{"start":{"line":15,"column":15},"end":{"line":15,"column":31}},"loc":{"start":{"line":15,"column":34},"end":{"line":58,"column":1}},"line":15},"1":{"name":"(anonymous_1)","decl":{"start":{"line":60,"column":23},"end":{"line":60,"column":24}},"loc":{"start":{"line":60,"column":40},"end":{"line":252,"column":1}},"line":60},"2":{"name":"(anonymous_2)","decl":{"start":{"line":112,"column":48},"end":{"line":112,"column":49}},"loc":{"start":{"line":112,"column":57},"end":{"line":112,"column":98}},"line":112},"3":{"name":"(anonymous_3)","decl":{"start":{"line":158,"column":31},"end":{"line":158,"column":32}},"loc":{"start":{"line":158,"column":43},"end":{"line":165,"column":5}},"line":158},"4":{"name":"(anonymous_4)","decl":{"start":{"line":161,"column":20},"end":{"line":161,"column":21}},"loc":{"start":{"line":162,"column":10},"end":{"line":162,"column":91}},"line":162},"5":{"name":"(anonymous_5)","decl":{"start":{"line":162,"column":21},"end":{"line":162,"column":22}},"loc":{"start":{"line":162,"column":27},"end":{"line":162,"column":83}},"line":162}},"branchMap":{"0":{"loc":{"start":{"line":7,"column":15},"end":{"line":7,"column":53}},"type":"binary-expr","locations":[{"start":{"line":7,"column":15},"end":{"line":7,"column":37}},{"start":{"line":7,"column":41},"end":{"line":7,"column":53}}],"line":7},"1":{"loc":{"start":{"line":16,"column":2},"end":{"line":18,"column":3}},"type":"if","locations":[{"start":{"line":16,"column":2},"end":{"line":18,"column":3}},{"start":{},"end":{}}],"line":16},"2":{"loc":{"start":{"line":23,"column":4},"end":{"line":51,"column":5}},"type":"if","locations":[{"start":{"line":23,"column":4},"end":{"line":51,"column":5}},{"start":{"line":36,"column":11},"end":{"line":51,"column":5}}],"line":23},"3":{"loc":{"start":{"line":27,"column":32},"end":{"line":27,"column":63}},"type":"binary-expr","locations":[{"start":{"line":27,"column":32},"end":{"line":27,"column":55}},{"start":{"line":27,"column":59},"end":{"line":27,"column":63}}],"line":27},"4":{"loc":{"start":{"line":74,"column":4},"end":{"line":81,"column":5}},"type":"if","locations":[{"start":{"line":74,"column":4},"end":{"line":81,"column":5}},{"start":{},"end":{}}],"line":74},"5":{"loc":{"start":{"line":84,"column":4},"end":{"line":93,"column":5}},"type":"if","locations":[{"start":{"line":84,"column":4},"end":{"line":93,"column":5}},{"start":{},"end":{}}],"line":84},"6":{"loc":{"start":{"line":98,"column":24},"end":{"line":98,"column":42}},"type":"binary-expr","locations":[{"start":{"line":98,"column":24},"end":{"line":98,"column":34}},{"start":{"line":98,"column":38},"end":{"line":98,"column":42}}],"line":98},"7":{"loc":{"start":{"line":112,"column":57},"end":{"line":112,"column":98}},"type":"binary-expr","locations":[{"start":{"line":112,"column":57},"end":{"line":112,"column":69}},{"start":{"line":112,"column":73},"end":{"line":112,"column":98}}],"line":112},"8":{"loc":{"start":{"line":114,"column":4},"end":{"line":123,"column":5}},"type":"if","locations":[{"start":{"line":114,"column":4},"end":{"line":123,"column":5}},{"start":{},"end":{}}],"line":114},"9":{"loc":{"start":{"line":127,"column":4},"end":{"line":136,"column":5}},"type":"if","locations":[{"start":{"line":127,"column":4},"end":{"line":136,"column":5}},{"start":{},"end":{}}],"line":127},"10":{"loc":{"start":{"line":231,"column":4},"end":{"line":240,"column":5}},"type":"if","locations":[{"start":{"line":231,"column":4},"end":{"line":240,"column":5}},{"start":{"line":234,"column":11},"end":{"line":240,"column":5}}],"line":231},"11":{"loc":{"start":{"line":234,"column":11},"end":{"line":240,"column":5}},"type":"if","locations":[{"start":{"line":234,"column":11},"end":{"line":240,"column":5}},{"start":{"line":237,"column":11},"end":{"line":240,"column":5}}],"line":234},"12":{"loc":{"start":{"line":237,"column":11},"end":{"line":240,"column":5}},"type":"if","locations":[{"start":{"line":237,"column":11},"end":{"line":240,"column":5}},{"start":{},"end":{}}],"line":237},"13":{"loc":{"start":{"line":248,"column":12},"end":{"line":248,"column":78}},"type":"binary-expr","locations":[{"start":{"line":248,"column":12},"end":{"line":248,"column":50}},{"start":{"line":248,"column":54},"end":{"line":248,"column":78}}],"line":248}},"s":{"0":1,"1":1,"2":1,"3":1,"4":3,"5":2,"6":1,"7":1,"8":1,"9":0,"10":0,"11":0,"12":0,"13":0,"14":1,"15":1,"16":1,"17":0,"18":0,"19":1,"20":8,"21":8,"22":8,"23":8,"24":1,"25":1,"26":7,"27":1,"28":6,"29":6,"30":1,"31":5,"32":5,"33":40,"34":5,"35":1,"36":4,"37":4,"38":1,"39":3,"40":3,"41":3,"42":3,"43":3,"44":3,"45":3,"46":3,"47":0,"48":3,"49":2,"50":2,"51":2,"52":2,"53":2,"54":2,"55":2,"56":2,"57":1,"58":1,"59":1,"60":1,"61":2,"62":2,"63":2,"64":2,"65":1,"66":1,"67":1,"68":1,"69":1,"70":0,"71":0,"72":0,"73":2},"f":{"0":3,"1":8,"2":40,"3":3,"4":3,"5":0},"b":{"0":[1,1],"1":[2,1],"2":[0,1],"3":[0,0],"4":[1,7],"5":[1,6],"6":[6,0],"7":[40,39],"8":[1,4],"9":[1,3],"10":[1,1],"11":[1,0],"12":[0,0],"13":[2,0]},"_coverageSchema":"1a1c01bbd47fc00a2c39e90264f33305004495a9","hash":"4a81af1ff303dd4673f3cdc5f627b53656c15ea4"}
}
