{"/home/sibora/Desktop/Project3_LS/web/lambda/index.js": {"path":"/home/sibora/Desktop/Project3_LS/web/lambda/index.js","statementMap":{"0":{"start":{"line":6,"column":18},"end":{"line":8,"column":2}},"1":{"start":{"line":11,"column":20},"end":{"line":11,"column":24}},"2":{"start":{"line":15,"column":2},"end":{"line":17,"column":3}},"3":{"start":{"line":16,"column":4},"end":{"line":16,"column":25}},"4":{"start":{"line":19,"column":2},"end":{"line":47,"column":3}},"5":{"start":{"line":20,"column":4},"end":{"line":20,"column":63}},"6":{"start":{"line":23,"column":45},"end":{"line":28,"column":6}},"7":{"start":{"line":30,"column":4},"end":{"line":30,"column":57}},"8":{"start":{"line":31,"column":4},"end":{"line":31,"column":52}},"9":{"start":{"line":32,"column":4},"end":{"line":32,"column":52}},"10":{"start":{"line":33,"column":4},"end":{"line":33,"column":52}},"11":{"start":{"line":35,"column":4},"end":{"line":40,"column":6}},"12":{"start":{"line":42,"column":4},"end":{"line":42,"column":25}},"13":{"start":{"line":44,"column":4},"end":{"line":44,"column":78}},"14":{"start":{"line":45,"column":4},"end":{"line":45,"column":68}},"15":{"start":{"line":46,"column":4},"end":{"line":46,"column":52}},"16":{"start":{"line":50,"column":23},"end":{"line":222,"column":1}},"17":{"start":{"line":51,"column":2},"end":{"line":51,"column":70}},"18":{"start":{"line":54,"column":22},"end":{"line":60,"column":3}},"19":{"start":{"line":62,"column":2},"end":{"line":221,"column":3}},"20":{"start":{"line":64,"column":4},"end":{"line":71,"column":5}},"21":{"start":{"line":65,"column":6},"end":{"line":65,"column":46}},"22":{"start":{"line":66,"column":6},"end":{"line":70,"column":8}},"23":{"start":{"line":74,"column":4},"end":{"line":83,"column":5}},"24":{"start":{"line":75,"column":6},"end":{"line":82,"column":8}},"25":{"start":{"line":87,"column":4},"end":{"line":98,"column":5}},"26":{"start":{"line":88,"column":6},"end":{"line":88,"column":44}},"27":{"start":{"line":90,"column":6},"end":{"line":97,"column":8}},"28":{"start":{"line":101,"column":27},"end":{"line":101,"column":106}},"29":{"start":{"line":102,"column":26},"end":{"line":102,"column":99}},"30":{"start":{"line":102,"column":57},"end":{"line":102,"column":98}},"31":{"start":{"line":104,"column":4},"end":{"line":113,"column":5}},"32":{"start":{"line":105,"column":6},"end":{"line":112,"column":8}},"33":{"start":{"line":116,"column":23},"end":{"line":116,"column":51}},"34":{"start":{"line":117,"column":4},"end":{"line":126,"column":5}},"35":{"start":{"line":118,"column":6},"end":{"line":125,"column":8}},"36":{"start":{"line":129,"column":24},"end":{"line":129,"column":48}},"37":{"start":{"line":132,"column":19},"end":{"line":141,"column":6}},"38":{"start":{"line":143,"column":4},"end":{"line":143,"column":27}},"39":{"start":{"line":146,"column":4},"end":{"line":159,"column":7}},"40":{"start":{"line":162,"column":18},"end":{"line":167,"column":5}},"41":{"start":{"line":169,"column":19},"end":{"line":178,"column":5}},"42":{"start":{"line":180,"column":19},"end":{"line":180,"column":52}},"43":{"start":{"line":181,"column":4},"end":{"line":181,"column":23}},"44":{"start":{"line":183,"column":4},"end":{"line":192,"column":6}},"45":{"start":{"line":195,"column":4},"end":{"line":195,"column":40}},"46":{"start":{"line":198,"column":23},"end":{"line":198,"column":46}},"47":{"start":{"line":199,"column":21},"end":{"line":199,"column":24}},"48":{"start":{"line":201,"column":4},"end":{"line":210,"column":5}},"49":{"start":{"line":202,"column":6},"end":{"line":202,"column":50}},"50":{"start":{"line":203,"column":6},"end":{"line":203,"column":23}},"51":{"start":{"line":204,"column":11},"end":{"line":210,"column":5}},"52":{"start":{"line":205,"column":6},"end":{"line":205,"column":48}},"53":{"start":{"line":206,"column":6},"end":{"line":206,"column":23}},"54":{"start":{"line":207,"column":11},"end":{"line":210,"column":5}},"55":{"start":{"line":208,"column":6},"end":{"line":208,"column":46}},"56":{"start":{"line":209,"column":6},"end":{"line":209,"column":23}},"57":{"start":{"line":212,"column":4},"end":{"line":220,"column":6}}},"fnMap":{"0":{"name":"getDbCredentials","decl":{"start":{"line":14,"column":15},"end":{"line":14,"column":31}},"loc":{"start":{"line":14,"column":34},"end":{"line":48,"column":1}},"line":14},"1":{"name":"(anonymous_1)","decl":{"start":{"line":50,"column":23},"end":{"line":50,"column":24}},"loc":{"start":{"line":50,"column":40},"end":{"line":222,"column":1}},"line":50},"2":{"name":"(anonymous_2)","decl":{"start":{"line":102,"column":48},"end":{"line":102,"column":49}},"loc":{"start":{"line":102,"column":57},"end":{"line":102,"column":98}},"line":102}},"branchMap":{"0":{"loc":{"start":{"line":15,"column":2},"end":{"line":17,"column":3}},"type":"if","locations":[{"start":{"line":15,"column":2},"end":{"line":17,"column":3}},{"start":{},"end":{}}],"line":15},"1":{"loc":{"start":{"line":64,"column":4},"end":{"line":71,"column":5}},"type":"if","locations":[{"start":{"line":64,"column":4},"end":{"line":71,"column":5}},{"start":{},"end":{}}],"line":64},"2":{"loc":{"start":{"line":74,"column":4},"end":{"line":83,"column":5}},"type":"if","locations":[{"start":{"line":74,"column":4},"end":{"line":83,"column":5}},{"start":{},"end":{}}],"line":74},"3":{"loc":{"start":{"line":88,"column":24},"end":{"line":88,"column":42}},"type":"binary-expr","locations":[{"start":{"line":88,"column":24},"end":{"line":88,"column":34}},{"start":{"line":88,"column":38},"end":{"line":88,"column":42}}],"line":88},"4":{"loc":{"start":{"line":102,"column":57},"end":{"line":102,"column":98}},"type":"binary-expr","locations":[{"start":{"line":102,"column":57},"end":{"line":102,"column":69}},{"start":{"line":102,"column":73},"end":{"line":102,"column":98}}],"line":102},"5":{"loc":{"start":{"line":104,"column":4},"end":{"line":113,"column":5}},"type":"if","locations":[{"start":{"line":104,"column":4},"end":{"line":113,"column":5}},{"start":{},"end":{}}],"line":104},"6":{"loc":{"start":{"line":117,"column":4},"end":{"line":126,"column":5}},"type":"if","locations":[{"start":{"line":117,"column":4},"end":{"line":126,"column":5}},{"start":{},"end":{}}],"line":117},"7":{"loc":{"start":{"line":201,"column":4},"end":{"line":210,"column":5}},"type":"if","locations":[{"start":{"line":201,"column":4},"end":{"line":210,"column":5}},{"start":{"line":204,"column":11},"end":{"line":210,"column":5}}],"line":201},"8":{"loc":{"start":{"line":204,"column":11},"end":{"line":210,"column":5}},"type":"if","locations":[{"start":{"line":204,"column":11},"end":{"line":210,"column":5}},{"start":{"line":207,"column":11},"end":{"line":210,"column":5}}],"line":204},"9":{"loc":{"start":{"line":207,"column":11},"end":{"line":210,"column":5}},"type":"if","locations":[{"start":{"line":207,"column":11},"end":{"line":210,"column":5}},{"start":{},"end":{}}],"line":207},"10":{"loc":{"start":{"line":218,"column":12},"end":{"line":218,"column":78}},"type":"binary-expr","locations":[{"start":{"line":218,"column":12},"end":{"line":218,"column":50}},{"start":{"line":218,"column":54},"end":{"line":218,"column":78}}],"line":218}},"s":{"0":1,"1":1,"2":3,"3":2,"4":1,"5":1,"6":1,"7":1,"8":1,"9":1,"10":1,"11":1,"12":1,"13":0,"14":0,"15":0,"16":1,"17":8,"18":8,"19":8,"20":8,"21":1,"22":1,"23":7,"24":1,"25":6,"26":6,"27":1,"28":5,"29":5,"30":40,"31":5,"32":1,"33":4,"34":4,"35":1,"36":3,"37":3,"38":3,"39":2,"40":2,"41":2,"42":2,"43":1,"44":1,"45":2,"46":2,"47":2,"48":2,"49":1,"50":1,"51":1,"52":1,"53":1,"54":0,"55":0,"56":0,"57":2},"f":{"0":3,"1":8,"2":40},"b":{"0":[2,1],"1":[1,7],"2":[1,6],"3":[6,0],"4":[40,39],"5":[1,4],"6":[1,3],"7":[1,1],"8":[1,0],"9":[0,0],"10":[2,0]},"_coverageSchema":"1a1c01bbd47fc00a2c39e90264f33305004495a9","hash":"a2bba1082e1993da9dd38408bf6689cade1762cc"}
}
